JVMSHRC287E Persistent cache cannot be located on a networked file system. Either select "nonpersistent" or a different cacheDir.
JVMSHRC686I Failed to startup shared class cache. Continue without using it as -Xshareclasses:nonfatal is specified
Launching defaultServer (WebSphere Application Server 18.0.0.4/wlp-1.0.23.cl180420181121-0300) on IBM J9 VM, version 8.0.5.26 - pxa6480sr5fp26-20181115_03(SR5 FP26) (en_US)
[AUDIT   ] CWWKE0001I: The server defaultServer has been launched.
[AUDIT   ] CWWKE0100I: This product is licensed for development, and limited production use. The full license terms can be viewed here: https://public.dhe.ibm.com/ibmdl/export/pub/software/websphere/wasdev/license/base_ilan/ilan/18.0.0.4/lafiles/en.html
[AUDIT   ] CWWKG0093A: Processing configuration drop-ins resource: /home/default/app/mc-target/liberty/wlp/usr/servers/defaultServer/configDropins/defaults/install_apps_configuration_1491924271.xml
[AUDIT   ] CWWKG0093A: Processing configuration drop-ins resource: /home/default/app/mc-target/liberty/wlp/usr/servers/defaultServer/configDropins/defaults/keystore.xml
[INFO    ] CWWKE0002I: The kernel started after 4.479 seconds
[INFO    ] CWWKF0007I: Feature update started.
[WARNING ] CWWKG0011W: The configuration validation did not succeed. Value "${env.JDBC_PORT}" is not a number.
[WARNING ] CWWKG0083W: A validation failure occurred while processing the [portNumber] property, value = [${env.JDBC_PORT}]. Default value in use: [50000]. 
[INFO    ] CWWKS0007I: The security service is starting...
[INFO    ] Aries Blueprint packages not available. So namespaces will not be registered
[INFO    ] Aries Blueprint packages not available. So namespaces will not be registered
[INFO    ] CWWKS4103I: Creating the LTPA keys. This may take a few seconds.
[INFO    ] CWWKS1123I: The collective authentication plugin with class name NullCollectiveAuthenticationPlugin has been activated. 
[WARNING ] CWWKL0012W: The library [dataSource[PortfolioDB]/jdbcDriver[default-0]/library[${service.pid}]] specifies a file with name [/config/db2jcc4.jar]. This file either does not exist or is incorrectly specified.
[AUDIT   ] CWWKZ0058I: Monitoring dropins for applications.
[INFO    ] DYNA1001I: WebSphere Dynamic Cache instance named baseCache initialized successfully.
[INFO    ] DYNA1071I: The cache provider default is being used.
[INFO    ] DYNA1056I: Dynamic Cache (object cache) initialized successfully.
[AUDIT   ] CWWKS4104A: LTPA keys created in 1.580 seconds. LTPA key file: /home/default/app/mc-target/liberty/wlp/usr/servers/defaultServer/resources/security/ltpa.keys
[INFO    ] CWWKS0008I: The security service is ready.
[INFO    ] CWWKS4105I: LTPA configuration is ready after 1.595 seconds.
[INFO    ] CWWKS6012I: The JSON Web Token (JWT) consumer service is available.
[INFO    ] CWWKS6002I: The JSON Web Token (JWT) endpoint service is available.
[INFO    ] CWWKS5775I: The MicroProfile JWT version 1.1 mpConfigProxy processed successfully.
[INFO    ] CWWKS5500I: The MicroProfile JWT configuration [defaultMpJwt] was successfully processed.
[INFO    ] CWWKS5500I: The MicroProfile JWT configuration [myMpJwt] was successfully processed.
[INFO    ] CWWKS5500I: The MicroProfile JWT configuration [MicroProfileJwtService] was successfully processed.
[INFO    ] CWWKO0219I: TCP Channel defaultHttpEndpoint has been started and is now listening for requests on host *  (IPv4) port 9080.
[INFO    ] CWWKO0219I: TCP Channel defaultHttpEndpoint-ssl has been started and is now listening for requests on host *  (IPv4) port 9443.
[INFO    ] SESN8501I: The session manager did not find a persistent storage location; HttpSession objects will be stored in the local application server's memory.
[INFO    ] SRVE0169I: Loading Web Module: ibm/api.
[INFO    ] SRVE0250I: Web Module ibm/api has been bound to default_host.
[INFO    ] SRVE0169I: Loading Web Module: PublicMicroProfileMetrics.
[INFO    ] SRVE0250I: Web Module PublicMicroProfileMetrics has been bound to default_host.
[INFO    ] SRVE0169I: Loading Web Module: health.
[INFO    ] SRVE0250I: Web Module health has been bound to default_host.
[AUDIT   ] CWWKT0016I: Web application available (default_host): http://mc-portfolio-d51c7b60-0ed4-11e9-858c-idc-f55d59568-d6pjb:9080/ibm/api/
[INFO    ] SRVE0169I: Loading Web Module: OpenAPIUI.
[INFO    ] SRVE0250I: Web Module OpenAPIUI has been bound to default_host.
[AUDIT   ] CWWKT0016I: Web application available (default_host): http://mc-portfolio-d51c7b60-0ed4-11e9-858c-idc-f55d59568-d6pjb:9080/openapi/ui/
[AUDIT   ] CWWKT0016I: Web application available (default_host): http://mc-portfolio-d51c7b60-0ed4-11e9-858c-idc-f55d59568-d6pjb:9080/metrics/
[AUDIT   ] CWWKT0016I: Web application available (default_host): http://mc-portfolio-d51c7b60-0ed4-11e9-858c-idc-f55d59568-d6pjb:9080/health/
[WARNING ] J2CA7014W: The resource adapter mq could not be installed as it could not be found at location /config/wmq.jmsra.rar.
[INFO    ] SRVE0169I: Loading Web Module: com.ibm.ws.security.jwt.
[INFO    ] SRVE0250I: Web Module com.ibm.ws.security.jwt has been bound to default_host.
[AUDIT   ] CWWKT0016I: Web application available (default_host): http://mc-portfolio-d51c7b60-0ed4-11e9-858c-idc-f55d59568-d6pjb:9080/jwt/
[INFO    ] SESN0176I: A new session context will be created for application key default_host/ibm/api
[INFO    ] SESN0176I: A new session context will be created for application key default_host/jwt
[INFO    ] SESN0176I: A new session context will be created for application key default_host/openapi/ui
[INFO    ] SESN0176I: A new session context will be created for application key default_host/health
[INFO    ] SESN0176I: A new session context will be created for application key default_host/metrics
[INFO    ] SESN0172I: The session manager is using the Java default SecureRandom implementation for session ID generation.
[INFO    ] SRVE0169I: Loading Web Module: MicroProfileOpenAPI.
[INFO    ] SRVE0250I: Web Module MicroProfileOpenAPI has been bound to default_host.
[AUDIT   ] CWWKT0016I: Web application available (default_host): http://mc-portfolio-d51c7b60-0ed4-11e9-858c-idc-f55d59568-d6pjb:9080/openapi/
[INFO    ] SESN0176I: A new session context will be created for application key default_host/openapi
[INFO    ] SESN0172I: The session manager is using the Java default SecureRandom implementation for session ID generation.
[INFO    ] SESN0172I: The session manager is using the Java default SecureRandom implementation for session ID generation.
[INFO    ] SESN0172I: The session manager is using the Java default SecureRandom implementation for session ID generation.
[INFO    ] SESN0172I: The session manager is using the Java default SecureRandom implementation for session ID generation.
[INFO    ] SESN0172I: The session manager is using the Java default SecureRandom implementation for session ID generation.
[INFO    ] DYNA1056I: Dynamic Cache (object cache) initialized successfully.
[INFO    ] SRVE0242I: [com.ibm.ws.microprofile.metrics.public] [/metrics] [PublicMetricsRESTProxyServlet]: Initialization successful.
[INFO    ] SRVE0242I: [com.ibm.ws.microprofile.openapi] [/openapi] [OpenAPIServlet]: Initialization successful.
[AUDIT   ] CWWKF0012I: The server installed the following features: [mpFaultTolerance-1.1, microProfile-2.1, servlet-4.0, ssl-1.0, jndi-1.0, jca-1.7, cdi-2.0, mpHealth-1.0, jdbc-4.2, jms-2.0, appSecurity-2.0, opentracing-1.2, jaxrs-2.1, mpRestClient-1.1, mpMetrics-1.1, mpOpenTracing-1.2, jsonb-1.0, logstashCollector-1.0, jsonp-1.1, mpConfig-1.3, jaxrsClient-2.1, concurrent-1.0, jwt-1.0, mpJwt-1.1, json-1.0, mpOpenAPI-1.0, distributedMap-1.0].
[INFO    ] CWWKF0008I: Feature update completed in 46.583 seconds.
[AUDIT   ] CWWKF0011I: The server defaultServer is ready to run a smarter planet.
