********************************************************************************
product = WebSphere Application Server 18.0.0.4 (wlp-1.0.23.cl180420181121-0300)
wlp.install.dir = /opt/ibm/wlp/
server.config.dir = /home/default/app/mc-target/liberty/wlp/usr/servers/defaultServer/
java.home = /home/default/java/jre
java.version = 1.8.0_191
java.runtime = Java(TM) SE Runtime Environment (8.0.5.26 - pxa6480sr5fp26-20181115_03(SR5 FP26))
os = Linux (4.4.0-139-generic; amd64) (en_US)
process = 1041@mc-portfolio-d51c7b60-0ed4-11e9-858c-idc-f55d59568-d6pjb
********************************************************************************
[1/3/19 15:42:12:929 UTC] 00000001 com.ibm.ws.kernel.launch.internal.FrameworkManager           A CWWKE0001I: The server defaultServer has been launched.
[1/3/19 15:42:13:047 UTC] 00000001 com.ibm.ws.kernel.launch.internal.FrameworkManager           A CWWKE0100I: This product is licensed for development, and limited production use. The full license terms can be viewed here: https://public.dhe.ibm.com/ibmdl/export/pub/software/websphere/wasdev/license/base_ilan/ilan/18.0.0.4/lafiles/en.html
[1/3/19 15:42:15:285 UTC] 0000001f com.ibm.ws.config.xml.internal.ServerXMLConfiguration        A CWWKG0093A: Processing configuration drop-ins resource: /home/default/app/mc-target/liberty/wlp/usr/servers/defaultServer/configDropins/defaults/install_apps_configuration_1491924271.xml
[1/3/19 15:42:15:365 UTC] 0000001f com.ibm.ws.config.xml.internal.ServerXMLConfiguration        A CWWKG0093A: Processing configuration drop-ins resource: /home/default/app/mc-target/liberty/wlp/usr/servers/defaultServer/configDropins/defaults/keystore.xml
[1/3/19 15:42:16:705 UTC] 00000001 com.ibm.ws.kernel.launch.internal.FrameworkManager           I CWWKE0002I: The kernel started after 4.479 seconds
[1/3/19 15:42:17:326 UTC] 0000002a com.ibm.ws.kernel.feature.internal.FeatureManager            I CWWKF0007I: Feature update started.
[1/3/19 15:42:27:287 UTC] 0000002a com.ibm.ws.config.xml.internal.ConfigEvaluator               W CWWKG0011W: The configuration validation did not succeed. Value "${env.JDBC_PORT}" is not a number.
[1/3/19 15:42:27:288 UTC] 0000002a com.ibm.ws.config.xml.internal.ConfigEvaluator               W CWWKG0083W: A validation failure occurred while processing the [portNumber] property, value = [${env.JDBC_PORT}]. Default value in use: [50000]. 
[1/3/19 15:42:27:706 UTC] 0000001f com.ibm.ws.security.ready.internal.SecurityReadyServiceImpl  I CWWKS0007I: The security service is starting...
[1/3/19 15:42:27:906 UTC] 0000001f .apache.cxf.cxf.core.3.2:1.0.23.cl180420181121-0300(id=179)] I Aries Blueprint packages not available. So namespaces will not be registered
[1/3/19 15:42:27:911 UTC] 0000001f .apache.cxf.cxf.core.3.2:1.0.23.cl180420181121-0300(id=179)] I Aries Blueprint packages not available. So namespaces will not be registered
[1/3/19 15:42:28:561 UTC] 0000002d com.ibm.ws.security.token.ltpa.internal.LTPAKeyInfoManager   I CWWKS4103I: Creating the LTPA keys. This may take a few seconds.
[1/3/19 15:42:28:615 UTC] 0000001f ibm.ws.security.authentication.internal.jaas.JAASServiceImpl I CWWKS1123I: The collective authentication plugin with class name NullCollectiveAuthenticationPlugin has been activated. 
[1/3/19 15:42:28:397 UTC] 00000025 com.ibm.ws.library.internal.SharedLibraryImpl                W CWWKL0012W: The library [dataSource[PortfolioDB]/jdbcDriver[default-0]/library[${service.pid}]] specifies a file with name [/config/db2jcc4.jar]. This file either does not exist or is incorrectly specified.
[1/3/19 15:42:29:199 UTC] 0000001f com.ibm.ws.app.manager.internal.monitor.DropinMonitor        A CWWKZ0058I: Monitoring dropins for applications.
[1/3/19 15:42:30:078 UTC] 0000001f com.ibm.ws.cache.ServerCache                                 I DYNA1001I: WebSphere Dynamic Cache instance named baseCache initialized successfully.
[1/3/19 15:42:30:083 UTC] 0000001f com.ibm.ws.cache.ServerCache                                 I DYNA1071I: The cache provider default is being used.
[1/3/19 15:42:30:087 UTC] 0000001f com.ibm.ws.cache.CacheServiceImpl                            I DYNA1056I: Dynamic Cache (object cache) initialized successfully.
[1/3/19 15:42:30:141 UTC] 0000002d com.ibm.ws.security.token.ltpa.internal.LTPAKeyInfoManager   A CWWKS4104A: LTPA keys created in 1.580 seconds. LTPA key file: /home/default/app/mc-target/liberty/wlp/usr/servers/defaultServer/resources/security/ltpa.keys
[1/3/19 15:42:30:151 UTC] 0000002d com.ibm.ws.security.ready.internal.SecurityReadyServiceImpl  I CWWKS0008I: The security service is ready.
[1/3/19 15:42:30:153 UTC] 0000002d com.ibm.ws.security.token.ltpa.internal.LTPAKeyCreateTask    I CWWKS4105I: LTPA configuration is ready after 1.595 seconds.
[1/3/19 15:42:30:257 UTC] 0000001f com.ibm.ws.security.jwt.internal.ConsumerImpl                I CWWKS6012I: The JSON Web Token (JWT) consumer service is available.
[1/3/19 15:42:30:292 UTC] 0000001f com.ibm.ws.security.jwt.web.JwtEndpointServices              I CWWKS6002I: The JSON Web Token (JWT) endpoint service is available.
[1/3/19 15:42:30:325 UTC] 0000001f .ws.security.mp.jwt.v11.config.impl.MpConfigProxyServiceImpl I CWWKS5775I: The MicroProfile JWT version 1.1 mpConfigProxy processed successfully.
[1/3/19 15:42:30:346 UTC] 0000001f com.ibm.ws.security.mp.jwt.impl.MicroProfileJwtConfigImpl    I CWWKS5500I: The MicroProfile JWT configuration [defaultMpJwt] was successfully processed.
[1/3/19 15:42:30:351 UTC] 0000001f com.ibm.ws.security.mp.jwt.impl.MicroProfileJwtConfigImpl    I CWWKS5500I: The MicroProfile JWT configuration [myMpJwt] was successfully processed.
[1/3/19 15:42:30:354 UTC] 0000001f com.ibm.ws.security.mp.jwt.impl.MicroProfileJwtServiceImpl   I CWWKS5500I: The MicroProfile JWT configuration [MicroProfileJwtService] was successfully processed.
[1/3/19 15:42:30:704 UTC] 00000032 com.ibm.ws.tcpchannel.internal.TCPChannel                    I CWWKO0219I: TCP Channel defaultHttpEndpoint has been started and is now listening for requests on host *  (IPv4) port 9080.
[1/3/19 15:42:30:722 UTC] 00000032 com.ibm.ws.tcpchannel.internal.TCPChannel                    I CWWKO0219I: TCP Channel defaultHttpEndpoint-ssl has been started and is now listening for requests on host *  (IPv4) port 9443.
[1/3/19 15:42:31:372 UTC] 0000001f com.ibm.ws.session.WASSessionCore                            I SESN8501I: The session manager did not find a persistent storage location; HttpSession objects will be stored in the local application server's memory.
[1/3/19 15:42:34:161 UTC] 0000002d com.ibm.ws.webcontainer.osgi.webapp.WebGroup                 I SRVE0169I: Loading Web Module: ibm/api.
[1/3/19 15:42:34:163 UTC] 0000002d com.ibm.ws.webcontainer                                      I SRVE0250I: Web Module ibm/api has been bound to default_host.
[1/3/19 15:42:34:157 UTC] 0000002f com.ibm.ws.webcontainer.osgi.webapp.WebGroup                 I SRVE0169I: Loading Web Module: PublicMicroProfileMetrics.
[1/3/19 15:42:34:168 UTC] 0000002f com.ibm.ws.webcontainer                                      I SRVE0250I: Web Module PublicMicroProfileMetrics has been bound to default_host.
[1/3/19 15:42:34:153 UTC] 0000002b com.ibm.ws.webcontainer.osgi.webapp.WebGroup                 I SRVE0169I: Loading Web Module: health.
[1/3/19 15:42:34:169 UTC] 0000002b com.ibm.ws.webcontainer                                      I SRVE0250I: Web Module health has been bound to default_host.
[1/3/19 15:42:34:166 UTC] 0000002d com.ibm.ws.http.internal.VirtualHostImpl                     A CWWKT0016I: Web application available (default_host): http://mc-portfolio-d51c7b60-0ed4-11e9-858c-idc-f55d59568-d6pjb:9080/ibm/api/
[1/3/19 15:42:34:194 UTC] 00000032 com.ibm.ws.webcontainer.osgi.webapp.WebGroup                 I SRVE0169I: Loading Web Module: OpenAPIUI.
[1/3/19 15:42:34:195 UTC] 00000032 com.ibm.ws.webcontainer                                      I SRVE0250I: Web Module OpenAPIUI has been bound to default_host.
[1/3/19 15:42:34:196 UTC] 00000032 com.ibm.ws.http.internal.VirtualHostImpl                     A CWWKT0016I: Web application available (default_host): http://mc-portfolio-d51c7b60-0ed4-11e9-858c-idc-f55d59568-d6pjb:9080/openapi/ui/
[1/3/19 15:42:34:205 UTC] 0000002f com.ibm.ws.http.internal.VirtualHostImpl                     A CWWKT0016I: Web application available (default_host): http://mc-portfolio-d51c7b60-0ed4-11e9-858c-idc-f55d59568-d6pjb:9080/metrics/
[1/3/19 15:42:34:206 UTC] 0000002b com.ibm.ws.http.internal.VirtualHostImpl                     A CWWKT0016I: Web application available (default_host): http://mc-portfolio-d51c7b60-0ed4-11e9-858c-idc-f55d59568-d6pjb:9080/health/
[1/3/19 15:42:34:210 UTC] 0000002d om.ibm.ws.app.manager.rar.internal.RARApplicationHandlerImpl W J2CA7014W: The resource adapter mq could not be installed as it could not be found at location /config/wmq.jmsra.rar.
[1/3/19 15:42:34:211 UTC] 0000002e com.ibm.ws.webcontainer.osgi.webapp.WebGroup                 I SRVE0169I: Loading Web Module: com.ibm.ws.security.jwt.
[1/3/19 15:42:34:213 UTC] 0000002e com.ibm.ws.webcontainer                                      I SRVE0250I: Web Module com.ibm.ws.security.jwt has been bound to default_host.
[1/3/19 15:42:34:214 UTC] 0000002e com.ibm.ws.http.internal.VirtualHostImpl                     A CWWKT0016I: Web application available (default_host): http://mc-portfolio-d51c7b60-0ed4-11e9-858c-idc-f55d59568-d6pjb:9080/jwt/
[1/3/19 15:42:34:376 UTC] 0000002f com.ibm.ws.session.WASSessionCore                            I SESN0176I: A new session context will be created for application key default_host/ibm/api
[1/3/19 15:42:34:378 UTC] 0000002b com.ibm.ws.session.WASSessionCore                            I SESN0176I: A new session context will be created for application key default_host/health
[1/3/19 15:42:34:384 UTC] 0000002d com.ibm.ws.session.WASSessionCore                            I SESN0176I: A new session context will be created for application key default_host/metrics
[1/3/19 15:42:34:378 UTC] 0000002e com.ibm.ws.session.WASSessionCore                            I SESN0176I: A new session context will be created for application key default_host/openapi/ui
[1/3/19 15:42:34:377 UTC] 0000002c com.ibm.ws.session.WASSessionCore                            I SESN0176I: A new session context will be created for application key default_host/jwt
[1/3/19 15:42:34:409 UTC] 0000002f com.ibm.ws.util                                              I SESN0172I: The session manager is using the Java default SecureRandom implementation for session ID generation.
[1/3/19 15:42:34:425 UTC] 00000031 com.ibm.ws.webcontainer.osgi.webapp.WebGroup                 I SRVE0169I: Loading Web Module: MicroProfileOpenAPI.
[1/3/19 15:42:34:426 UTC] 00000031 com.ibm.ws.webcontainer                                      I SRVE0250I: Web Module MicroProfileOpenAPI has been bound to default_host.
[1/3/19 15:42:34:427 UTC] 00000031 com.ibm.ws.http.internal.VirtualHostImpl                     A CWWKT0016I: Web application available (default_host): http://mc-portfolio-d51c7b60-0ed4-11e9-858c-idc-f55d59568-d6pjb:9080/openapi/
[1/3/19 15:42:34:450 UTC] 0000007e com.ibm.ws.session.WASSessionCore                            I SESN0176I: A new session context will be created for application key default_host/openapi
[1/3/19 15:42:34:466 UTC] 0000002c com.ibm.ws.util                                              I SESN0172I: The session manager is using the Java default SecureRandom implementation for session ID generation.
[1/3/19 15:42:34:466 UTC] 0000002b com.ibm.ws.util                                              I SESN0172I: The session manager is using the Java default SecureRandom implementation for session ID generation.
[1/3/19 15:42:34:468 UTC] 0000002d com.ibm.ws.util                                              I SESN0172I: The session manager is using the Java default SecureRandom implementation for session ID generation.
[1/3/19 15:42:34:470 UTC] 0000007e com.ibm.ws.util                                              I SESN0172I: The session manager is using the Java default SecureRandom implementation for session ID generation.
[1/3/19 15:42:34:471 UTC] 0000002e com.ibm.ws.util                                              I SESN0172I: The session manager is using the Java default SecureRandom implementation for session ID generation.
[1/3/19 15:42:34:491 UTC] 0000002e com.ibm.ws.cache.CacheServiceImpl                            I DYNA1056I: Dynamic Cache (object cache) initialized successfully.
[1/3/19 15:42:34:579 UTC] 0000002d com.ibm.ws.webcontainer.servlet                              I SRVE0242I: [com.ibm.ws.microprofile.metrics.public] [/metrics] [PublicMetricsRESTProxyServlet]: Initialization successful.
[1/3/19 15:42:34:588 UTC] 0000007e com.ibm.ws.webcontainer.servlet                              I SRVE0242I: [com.ibm.ws.microprofile.openapi] [/openapi] [OpenAPIServlet]: Initialization successful.
[1/3/19 15:43:03:288 UTC] 0000002a com.ibm.ws.kernel.feature.internal.FeatureManager            A CWWKF0012I: The server installed the following features: [mpFaultTolerance-1.1, microProfile-2.1, servlet-4.0, ssl-1.0, jndi-1.0, jca-1.7, cdi-2.0, mpHealth-1.0, jdbc-4.2, jms-2.0, appSecurity-2.0, opentracing-1.2, jaxrs-2.1, mpRestClient-1.1, mpMetrics-1.1, mpOpenTracing-1.2, jsonb-1.0, logstashCollector-1.0, jsonp-1.1, mpConfig-1.3, jaxrsClient-2.1, concurrent-1.0, jwt-1.0, mpJwt-1.1, json-1.0, mpOpenAPI-1.0, distributedMap-1.0].
[1/3/19 15:43:03:290 UTC] 0000002a com.ibm.ws.kernel.feature.internal.FeatureManager            I CWWKF0008I: Feature update completed in 46.583 seconds.
[1/3/19 15:43:03:291 UTC] 0000002a com.ibm.ws.kernel.feature.internal.FeatureManager            A CWWKF0011I: The server defaultServer is ready to run a smarter planet.
